synertone/build/outputs/logs/manifest-merger-debug-report.txt
-- Merging decision tree log ---
manifest
ADDED from src\main\AndroidManifest.xml:2:1-478:12
INJECTED from src\main\AndroidManifest.xml:2:1-478:12
INJECTED from src\main\AndroidManifest.xml:2:1-478:12
INJECTED from src\main\AndroidManifest.xml:2:1-478:12
MERGED from [:initActivity] AndroidManifest.xml:2:1-24:12
MERGED from [:ripplelayoutmaster] AndroidManifest.xml:2:1-16:12
MERGED from [:slidingmenu_library] AndroidManifest.xml:2:1-11:12
MERGED from [:pullToRefreshLibrary] AndroidManifest.xml:2:1-16:12
MERGED from [:common-util] AndroidManifest.xml:2:1-11:12
MERGED from [com.android.support:design:22.2.1] AndroidManifest.xml:17:1-24:12
MERGED from [com.github.ithedan:CustomViewBgUi:v1.0] AndroidManifest.xml:2:1-17:12
MERGED from [com.android.support:appcompat-v7:22.2.1] AndroidManifest.xml:17:1-24:12
MERGED from [com.android.support.constraint:constraint-layout:1.1.2] AndroidManifest.xml:2:1-11:12
MERGED from [com.jakewharton:butterknife:8.5.1] AndroidManifest.xml:2:1-7:12
MERGED from [me.yokeyword:fragmentation:1.3.6] AndroidManifest.xml:2:1-11:12
MERGED from [com.github.CymChad:BaseRecyclerViewAdapterHelper:2.9.41] AndroidManifest.xml:2:1-11:12
MERGED from [com.github.huangyanbin:SmartTable:2.2.0] AndroidManifest.xml:2:1-11:12
MERGED from [me.codeboy.android:align-text-view:2.3.2] AndroidManifest.xml:2:1-12:12
MERGED from [com.android.support:recyclerview-v7:25.1.0] AndroidManifest.xml:17:1-22:12
MERGED from [com.android.support:support-v4:25.1.0] AndroidManifest.xml:17:1-27:12
MERGED from [com.android.support:support-fragment:25.1.0] AndroidManifest.xml:17:1-27:12
MERGED from [com.android.support:support-core-ui:25.1.0] AndroidManifest.xml:17:1-27:12
MERGED from [com.android.support:support-media-compat:25.1.0] AndroidManifest.xml:17:1-27:12
MERGED from [com.android.support:support-core-utils:25.1.0] AndroidManifest.xml:17:1-27:12
MERGED from [com.android.support:support-compat:25.1.0] AndroidManifest.xml:17:1-27:12
MERGED from [me.yokeyword:fragmentation-core:1.3.6] AndroidManifest.xml:2:1-11:12
INJECTED from src\main\AndroidManifest.xml:2:1-478:12
INJECTED from src\main\AndroidManifest.xml:2:1-478:12
INJECTED from src\main\AndroidManifest.xml:2:1-478:12
	package
		ADDED from src\main\AndroidManifest.xml:3:5-41
		INJECTED from src\main\AndroidManifest.xml
		INJECTED from src\main\AndroidManifest.xml
	android:versionName
		INJECTED from src\main\AndroidManifest.xml
		ADDED from src\main\AndroidManifest.xml:2:1-478:12
		INJECTED from src\main\AndroidManifest.xml
	android:versionCode
		INJECTED from src\main\AndroidManifest.xml
		ADDED from src\main\AndroidManifest.xml:2:1-478:12
		INJECTED from src\main\AndroidManifest.xml
	xmlns:android
		ADDED from src\main\AndroidManifest.xml:2:11-69
supports-screens
ADDED from src\main\AndroidManifest.xml:5:5-10:40
	android:largeScreens
		ADDED from src\main\AndroidManifest.xml:7:9-36
	android:smallScreens
		ADDED from src\main\AndroidManifest.xml:9:9-36
	android:normalScreens
		ADDED from src\main\AndroidManifest.xml:8:9-37
	android:xlargeScreens
		ADDED from src\main\AndroidManifest.xml:10:9-37
	android:anyDensity
		ADDED from src\main\AndroidManifest.xml:6:9-34
uses-permission#android.permission.INTERNET
ADDED from src\main\AndroidManifest.xml:12:5-67
MERGED from [:initActivity] AndroidManifest.xml:12:5-67
MERGED from [:initActivity] AndroidManifest.xml:12:5-67
	android:name
		ADDED from src\main\AndroidManifest.xml:12:22-64
uses-permission#android.permission.ACCESS_WIFI_STATE
ADDED from src\main\AndroidManifest.xml:13:5-76
	android:name
		ADDED from src\main\AndroidManifest.xml:13:22-73
uses-permission#android.permission.MOUNT_UNMOUNT_FILESYSTEMS
ADDED from src\main\AndroidManifest.xml:14:5-84
	android:name
		ADDED from src\main\AndroidManifest.xml:14:22-81
uses-permission#android.permission.WRITE_EXTERNAL_STORAGE
ADDED from src\main\AndroidManifest.xml:15:5-81
	android:name
		ADDED from src\main\AndroidManifest.xml:15:22-78
uses-permission#android.permission.RECORD_AUDIO
ADDED from src\main\AndroidManifest.xml:16:5-71
	android:name
		ADDED from src\main\AndroidManifest.xml:16:22-68
uses-permission#android.permission.CHANGE_WIFI_STATE
ADDED from src\main\AndroidManifest.xml:17:5-76
	android:name
		ADDED from src\main\AndroidManifest.xml:17:22-73
uses-permission#android.permission.CAMERA
ADDED from src\main\AndroidManifest.xml:18:5-65
	android:name
		ADDED from src\main\AndroidManifest.xml:18:22-62
uses-permission#android.permission.WRITE_SETTINGS
ADDED from src\main\AndroidManifest.xml:19:5-73
	android:name
		ADDED from src\main\AndroidManifest.xml:19:22-70
uses-permission#android.permission.FLASHLIGHT
ADDED from src\main\AndroidManifest.xml:20:5-69
	android:name
		ADDED from src\main\AndroidManifest.xml:20:22-66
uses-permission#android.permission.CHANGE_NETWORK_STATE
ADDED from src\main\AndroidManifest.xml:21:5-79
	android:name
		ADDED from src\main\AndroidManifest.xml:21:22-76
uses-permission#android.permission.INTERACT_ACROSS_USERS_FULL
ADDED from src\main\AndroidManifest.xml:22:5-85
	android:name
		ADDED from src\main\AndroidManifest.xml:22:22-82
uses-permission#android.permission.READ_LOGS
ADDED from src\main\AndroidManifest.xml:23:5-68
	android:name
		ADDED from src\main\AndroidManifest.xml:23:22-65
uses-permission#com.android.launcher.permission.READ_SETTINGS
ADDED from src\main\AndroidManifest.xml:24:5-85
	android:name
		ADDED from src\main\AndroidManifest.xml:24:22-82
uses-permission#android.permission.GET_TASKS
ADDED from src\main\AndroidManifest.xml:25:5-68
	android:name
		ADDED from src\main\AndroidManifest.xml:25:22-65
uses-permission#android.permission.LOCATION_HARDWARE
ADDED from src\main\AndroidManifest.xml:26:5-76
	android:name
		ADDED from src\main\AndroidManifest.xml:26:22-73
uses-permission#android.permission.ACCESS_LOCATION_EXTRA_COMMANDS
ADDED from src\main\AndroidManifest.xml:27:5-89
	android:name
		ADDED from src\main\AndroidManifest.xml:27:22-86
uses-permission#android.permission.ACCESS_COARSE_LOCATION
ADDED from src\main\AndroidManifest.xml:28:5-81
	android:name
		ADDED from src\main\AndroidManifest.xml:28:22-78
uses-permission#android.permission.ACCESS_FINE_LOCATION
ADDED from src\main\AndroidManifest.xml:29:5-79
	android:name
		ADDED from src\main\AndroidManifest.xml:29:22-76
uses-permission#android.permission.READ_CONTACTS
ADDED from src\main\AndroidManifest.xml:31:5-72
	android:name
		ADDED from src\main\AndroidManifest.xml:31:22-69
uses-permission#android.permission.WRITE_CONTACTS
ADDED from src\main\AndroidManifest.xml:32:5-73
	android:name
		ADDED from src\main\AndroidManifest.xml:32:22-70
uses-permission#android.permission.CALL_PHONE
ADDED from src\main\AndroidManifest.xml:34:5-69
	android:name
		ADDED from src\main\AndroidManifest.xml:34:22-66
uses-permission#android.permission.READ_CALL_LOG
ADDED from src\main\AndroidManifest.xml:36:5-72
	android:name
		ADDED from src\main\AndroidManifest.xml:36:22-69
uses-permission#android.permission.WRITE_CALL_LOG
ADDED from src\main\AndroidManifest.xml:37:5-73
	android:name
		ADDED from src\main\AndroidManifest.xml:37:22-70
uses-permission#android.permission.READ_EXTERNAL_STORAGE
ADDED from src\main\AndroidManifest.xml:38:5-80
	android:name
		ADDED from src\main\AndroidManifest.xml:38:22-77
uses-permission#android.permission.WRITE_SMS
ADDED from src\main\AndroidManifest.xml:39:5-68
	android:name
		ADDED from src\main\AndroidManifest.xml:39:22-65
uses-permission#android.permission.GET_ACCOUNTS
ADDED from src\main\AndroidManifest.xml:40:5-71
	android:name
		ADDED from src\main\AndroidManifest.xml:40:22-68
uses-permission#android.permission.READ_PROFILE
ADDED from src\main\AndroidManifest.xml:41:5-71
	android:name
		ADDED from src\main\AndroidManifest.xml:41:22-68
uses-permission#android.permission.READ_PHONE_STATE
ADDED from src\main\AndroidManifest.xml:43:5-75
	android:name
		ADDED from src\main\AndroidManifest.xml:43:22-72
uses-permission#android.permission.ACCESS_NETWORK_STATE
ADDED from src\main\AndroidManifest.xml:44:5-79
MERGED from [:initActivity] AndroidManifest.xml:13:5-79
MERGED from [:initActivity] AndroidManifest.xml:13:5-79
	android:name
		ADDED from src\main\AndroidManifest.xml:44:22-76
uses-permission#android.permission.DISABLE_KEYGUARD
ADDED from src\main\AndroidManifest.xml:46:5-75
	android:name
		ADDED from src\main\AndroidManifest.xml:46:22-72
uses-permission#android.permission.MODIFY_AUDIO_SETTINGS
ADDED from src\main\AndroidManifest.xml:47:5-80
	android:name
		ADDED from src\main\AndroidManifest.xml:47:22-77
uses-permission#android.permission.WAKE_LOCK
ADDED from src\main\AndroidManifest.xml:49:5-68
MERGED from [:initActivity] AndroidManifest.xml:11:5-68
MERGED from [:initActivity] AndroidManifest.xml:11:5-68
	android:name
		ADDED from src\main\AndroidManifest.xml:49:22-65
uses-permission#android.permission.VIBRATE
ADDED from src\main\AndroidManifest.xml:50:5-66
	android:name
		ADDED from src\main\AndroidManifest.xml:50:22-63
uses-permission#android.permission.WRITE_MEDIA_STORAGE
ADDED from src\main\AndroidManifest.xml:52:5-78
	android:name
		ADDED from src\main\AndroidManifest.xml:52:22-75
uses-feature#android.hardware.camera
ADDED from src\main\AndroidManifest.xml:54:5-60
	android:name
		ADDED from src\main\AndroidManifest.xml:54:19-57
uses-feature#android.hardware.camera.autofocus
ADDED from src\main\AndroidManifest.xml:55:5-70
	android:name
		ADDED from src\main\AndroidManifest.xml:55:19-67
application
ADDED from src\main\AndroidManifest.xml:58:5-476:19
MERGED from [:initActivity] AndroidManifest.xml:15:5-22:19
MERGED from [:initActivity] AndroidManifest.xml:15:5-22:19
MERGED from [:ripplelayoutmaster] AndroidManifest.xml:11:5-14:19
MERGED from [:ripplelayoutmaster] AndroidManifest.xml:11:5-14:19
MERGED from [:pullToRefreshLibrary] AndroidManifest.xml:11:5-14:19
MERGED from [:pullToRefreshLibrary] AndroidManifest.xml:11:5-14:19
MERGED from [com.android.support:design:22.2.1] AndroidManifest.xml:22:5-20
MERGED from [com.android.support:design:22.2.1] AndroidManifest.xml:22:5-20
MERGED from [com.github.ithedan:CustomViewBgUi:v1.0] AndroidManifest.xml:11:5-15:19
MERGED from [com.github.ithedan:CustomViewBgUi:v1.0] AndroidManifest.xml:11:5-15:19
MERGED from [com.android.support:appcompat-v7:22.2.1] AndroidManifest.xml:22:5-20
MERGED from [com.android.support:appcompat-v7:22.2.1] AndroidManifest.xml:22:5-20
MERGED from [com.android.support.constraint:constraint-layout:1.1.2] AndroidManifest.xml:9:5-20
MERGED from [com.android.support.constraint:constraint-layout:1.1.2] AndroidManifest.xml:9:5-20
MERGED from [me.yokeyword:fragmentation:1.3.6] AndroidManifest.xml:9:5-20
MERGED from [me.yokeyword:fragmentation:1.3.6] AndroidManifest.xml:9:5-20
MERGED from [com.android.support:support-v4:25.1.0] AndroidManifest.xml:25:5-20
MERGED from [com.android.support:support-v4:25.1.0] AndroidManifest.xml:25:5-20
MERGED from [com.android.support:support-fragment:25.1.0] AndroidManifest.xml:25:5-20
MERGED from [com.android.support:support-fragment:25.1.0] AndroidManifest.xml:25:5-20
MERGED from [com.android.support:support-core-ui:25.1.0] AndroidManifest.xml:25:5-20
MERGED from [com.android.support:support-core-ui:25.1.0] AndroidManifest.xml:25:5-20
MERGED from [com.android.support:support-media-compat:25.1.0] AndroidManifest.xml:25:5-20
MERGED from [com.android.support:support-media-compat:25.1.0] AndroidManifest.xml:25:5-20
MERGED from [com.android.support:support-core-utils:25.1.0] AndroidManifest.xml:25:5-20
MERGED from [com.android.support:support-core-utils:25.1.0] AndroidManifest.xml:25:5-20
MERGED from [com.android.support:support-compat:25.1.0] AndroidManifest.xml:25:5-20
MERGED from [com.android.support:support-compat:25.1.0] AndroidManifest.xml:25:5-20
MERGED from [me.yokeyword:fragmentation-core:1.3.6] AndroidManifest.xml:9:5-20
MERGED from [me.yokeyword:fragmentation-core:1.3.6] AndroidManifest.xml:9:5-20
	android:screenOrientation
		ADDED from src\main\AndroidManifest.xml:63:9-43
	android:supportsRtl
		ADDED from [com.github.ithedan:CustomViewBgUi:v1.0] AndroidManifest.xml:14:9-35
	android:label
		ADDED from src\main\AndroidManifest.xml:62:9-41
	android:configChanges
		ADDED from src\main\AndroidManifest.xml:60:9-109
	android:allowBackup
		ADDED from [:ripplelayoutmaster] AndroidManifest.xml:12:9-35
	android:icon
		ADDED from src\main\AndroidManifest.xml:61:9-42
	android:theme
		ADDED from src\main\AndroidManifest.xml:64:9-44
	android:name
		ADDED from src\main\AndroidManifest.xml:59:9-54
activity#com.my51c.see51.app.LoginActivity
ADDED from src\main\AndroidManifest.xml:67:9-72:67
	android:label
		ADDED from src\main\AndroidManifest.xml:70:13-45
	android:launchMode
		ADDED from src\main\AndroidManifest.xml:71:13-42
	android:windowSoftInputMode
		ADDED from src\main\AndroidManifest.xml:72:13-64
	android:configChanges
		ADDED from src\main\AndroidManifest.xml:69:13-113
	android:name
		ADDED from src\main\AndroidManifest.xml:68:13-61
activity#io.vov.vitamio.activity.InitActivity
ADDED from src\main\AndroidManifest.xml:73:9-77:63
MERGED from [:initActivity] AndroidManifest.xml:16:9-21:63
MERGED from [:initActivity] AndroidManifest.xml:16:9-21:63
	android:launchMode
		ADDED from src\main\AndroidManifest.xml:76:13-43
	android:windowSoftInputMode
		ADDED from src\main\AndroidManifest.xml:77:13-60
	android:configChanges
		ADDED from src\main\AndroidManifest.xml:75:13-113
	android:theme
		ADDED from [:initActivity] AndroidManifest.xml:20:13-60
	android:name
		ADDED from src\main\AndroidManifest.xml:74:13-64
activity#com.my51c.see51.ui.MainActivity
ADDED from src\main\AndroidManifest.xml:79:9-91:20
	android:label
		ADDED from src\main\AndroidManifest.xml:82:13-45
	android:launchMode
		ADDED from src\main\AndroidManifest.xml:83:13-42
	android:configChanges
		ADDED from src\main\AndroidManifest.xml:81:13-113
	android:name
		ADDED from src\main\AndroidManifest.xml:80:13-59
activity#com.my51c.see51.BaseActivity
ADDED from src\main\AndroidManifest.xml:92:9-94:116
	android:configChanges
		ADDED from src\main\AndroidManifest.xml:94:13-113
	android:name
		ADDED from src\main\AndroidManifest.xml:93:13-56
activity#com.my51c.see51.ui.PlayerActivity
ADDED from src\main\AndroidManifest.xml:95:9-100:68
	android:launchMode
		ADDED from src\main\AndroidManifest.xml:98:13-42
	android:windowSoftInputMode
		ADDED from src\main\AndroidManifest.xml:100:13-65
	android:permission
		ADDED from src\main\AndroidManifest.xml:99:13-75
	android:configChanges
		ADDED from src\main\AndroidManifest.xml:97:13-113
	android:name
		ADDED from src\main\AndroidManifest.xml:96:13-61
activity#com.my51c.see51.ui.FourPlayerActivity
ADDED from src\main\AndroidManifest.xml:101:9-106:72
	android:launchMode
		ADDED from src\main\AndroidManifest.xml:104:13-42
	android:windowSoftInputMode
		ADDED from src\main\AndroidManifest.xml:106:13-69
	android:permission
		ADDED from src\main\AndroidManifest.xml:105:13-75
	android:configChanges
		ADDED from src\main\AndroidManifest.xml:103:13-113
	android:name
		ADDED from src\main\AndroidManifest.xml:102:13-65
activity#com.my51c.see51.guide.GuidSmartId
ADDED from src\main\AndroidManifest.xml:107:9-110:47
	android:launchMode
		ADDED from src\main\AndroidManifest.xml:110:13-44
	android:configChanges
		ADDED from src\main\AndroidManifest.xml:109:13-113
	android:name
		ADDED from src\main\AndroidManifest.xml:108:13-61
activity#com.my51c.see51.guide.GuidAddByWifi
ADDED from src\main\AndroidManifest.xml:111:9-113:116
	android:configChanges
		ADDED from src\main\AndroidManifest.xml:113:13-113
	android:name
		ADDED from src\main\AndroidManifest.xml:112:13-63
activity#com.my51c.see51.ui.LocalSettingActivity
ADDED from src\main\AndroidManifest.xml:114:9-117:45
	android:launchMode
		ADDED from src\main\AndroidManifest.xml:117:13-42
	android:configChanges
		ADDED from src\main\AndroidManifest.xml:116:13-113
	android:name
		ADDED from src\main\AndroidManifest.xml:115:13-67
activity#com.my51c.see51.ui.ActionAlarmActivity
ADDED from src\main\AndroidManifest.xml:118:9-121:47
	android:launchMode
		ADDED from src\main\AndroidManifest.xml:121:13-44
	android:configChanges
		ADDED from src\main\AndroidManifest.xml:120:13-113
	android:name
		ADDED from src\main\AndroidManifest.xml:119:13-66
activity#com.my51c.see51.guide.Guide
ADDED from src\main\AndroidManifest.xml:122:9-125:47
	android:launchMode
		ADDED from src\main\AndroidManifest.xml:125:13-44
	android:configChanges
		ADDED from src\main\AndroidManifest.xml:124:13-113
	android:name
		ADDED from src\main\AndroidManifest.xml:123:13-55
activity#com.my51c.see51.guide.Login
ADDED from src\main\AndroidManifest.xml:126:9-129:47
	android:launchMode
		ADDED from src\main\AndroidManifest.xml:129:13-44
	android:configChanges
		ADDED from src\main\AndroidManifest.xml:128:13-113
	android:name
		ADDED from src\main\AndroidManifest.xml:127:13-55
activity#com.my51c.see51.guide.PlatformActivity
ADDED from src\main\AndroidManifest.xml:130:9-133:47
	android:launchMode
		ADDED from src\main\AndroidManifest.xml:133:13-44
	android:configChanges
		ADDED from src\main\AndroidManifest.xml:132:13-113
	android:name
		ADDED from src\main\AndroidManifest.xml:131:13-66
activity#com.my51c.see51.guide.DeviceIdActivity
ADDED from src\main\AndroidManifest.xml:134:9-138:63
	android:launchMode
		ADDED from src\main\AndroidManifest.xml:137:13-44
	android:windowSoftInputMode
		ADDED from src\main\AndroidManifest.xml:138:13-60
	android:configChanges
		ADDED from src\main\AndroidManifest.xml:136:13-113
	android:name
		ADDED from src\main\AndroidManifest.xml:135:13-66
activity#com.my51c.see51.guide.GuideSetActivity
ADDED from src\main\AndroidManifest.xml:139:9-143:63
	android:launchMode
		ADDED from src\main\AndroidManifest.xml:142:13-44
	android:windowSoftInputMode
		ADDED from src\main\AndroidManifest.xml:143:13-60
	android:configChanges
		ADDED from src\main\AndroidManifest.xml:141:13-113
	android:name
		ADDED from src\main\AndroidManifest.xml:140:13-66
activity#com.my51c.see51.guide.DimensionActivity
ADDED from src\main\AndroidManifest.xml:144:9-148:63
	android:launchMode
		ADDED from src\main\AndroidManifest.xml:147:13-44
	android:windowSoftInputMode
		ADDED from src\main\AndroidManifest.xml:148:13-60
	android:configChanges
		ADDED from src\main\AndroidManifest.xml:146:13-113
	android:name
		ADDED from src\main\AndroidManifest.xml:145:13-67
activity#com.my51c.see51.ui.DeviceInfoActivity
ADDED from src\main\AndroidManifest.xml:149:9-151:116
	android:configChanges
		ADDED from src\main\AndroidManifest.xml:151:13-113
	android:name
		ADDED from src\main\AndroidManifest.xml:150:13-65
activity#com.my51c.see51.ui.RFDeviceInfoActivity
ADDED from src\main\AndroidManifest.xml:152:9-154:116
	android:configChanges
		ADDED from src\main\AndroidManifest.xml:154:13-113
	android:name
		ADDED from src\main\AndroidManifest.xml:153:13-67
activity#com.my51c.see51.guide.GuidePrepareActivity
ADDED from src\main\AndroidManifest.xml:155:9-157:116
	android:configChanges
		ADDED from src\main\AndroidManifest.xml:157:13-113
	android:name
		ADDED from src\main\AndroidManifest.xml:156:13-70
activity#com.my51c.see51.guide.CustWifiDialog
ADDED from src\main\AndroidManifest.xml:158:9-160:116
	android:configChanges
		ADDED from src\main\AndroidManifest.xml:160:13-113
	android:name
		ADDED from src\main\AndroidManifest.xml:159:13-64
activity#com.my51c.see51.guide.GuideSmartWifi
ADDED from src\main\AndroidManifest.xml:161:9-163:116
	android:configChanges
		ADDED from src\main\AndroidManifest.xml:163:13-113
	android:name
		ADDED from src\main\AndroidManifest.xml:162:13-64
activity#com.my51c.see51.guide.GuideSmartSound
ADDED from src\main\AndroidManifest.xml:164:9-166:116
	android:configChanges
		ADDED from src\main\AndroidManifest.xml:166:13-113
	android:name
		ADDED from src\main\AndroidManifest.xml:165:13-65
activity#com.my51c.see51.ui.SDRecordFolderActivity
ADDED from src\main\AndroidManifest.xml:167:9-169:116
	android:configChanges
		ADDED from src\main\AndroidManifest.xml:169:13-113
	android:name
		ADDED from src\main\AndroidManifest.xml:168:13-69
activity#com.my51c.see51.ui.SDRecordFileActivity
ADDED from src\main\AndroidManifest.xml:170:9-172:116
	android:configChanges
		ADDED from src\main\AndroidManifest.xml:172:13-113
	android:name
		ADDED from src\main\AndroidManifest.xml:171:13-67
activity#com.my51c.see51.ui.SDCalendarActivity
ADDED from src\main\AndroidManifest.xml:173:9-175:116
	android:configChanges
		ADDED from src\main\AndroidManifest.xml:175:13-113
	android:name
		ADDED from src\main\AndroidManifest.xml:174:13-65
activity#com.my51c.see51.ui.CloudRecordActivity
ADDED from src\main\AndroidManifest.xml:176:9-178:116
	android:configChanges
		ADDED from src\main\AndroidManifest.xml:178:13-113
	android:name
		ADDED from src\main\AndroidManifest.xml:177:13-66
activity#com.my51c.see51.ui.RfDeviceAddActivity
ADDED from src\main\AndroidManifest.xml:179:9-182:47
	android:launchMode
		ADDED from src\main\AndroidManifest.xml:182:13-44
	android:configChanges
		ADDED from src\main\AndroidManifest.xml:181:13-113
	android:name
		ADDED from src\main\AndroidManifest.xml:180:13-66
activity#com.my51c.see51.ui.AboutActivity
ADDED from src\main\AndroidManifest.xml:183:9-186:47
	android:launchMode
		ADDED from src\main\AndroidManifest.xml:186:13-44
	android:configChanges
		ADDED from src\main\AndroidManifest.xml:185:13-113
	android:name
		ADDED from src\main\AndroidManifest.xml:184:13-60
activity#com.my51c.see51.ui.BLPDetailActivity
ADDED from src\main\AndroidManifest.xml:187:9-189:116
	android:configChanges
		ADDED from src\main\AndroidManifest.xml:189:13-113
	android:name
		ADDED from src\main\AndroidManifest.xml:188:13-64
activity#org.achartengine.GraphicalActivity
ADDED from src\main\AndroidManifest.xml:204:9-206:116
	android:configChanges
		ADDED from src\main\AndroidManifest.xml:206:13-113
	android:name
		ADDED from src\main\AndroidManifest.xml:205:13-62
activity#com.my51c.see51.ui.LocalFileAcy
ADDED from src\main\AndroidManifest.xml:207:9-209:116
	android:configChanges
		ADDED from src\main\AndroidManifest.xml:209:13-113
	android:name
		ADDED from src\main\AndroidManifest.xml:208:13-59
activity#com.my51c.see51.ui.LocalPicVideoAcy
ADDED from src\main\AndroidManifest.xml:210:9-212:116
	android:configChanges
		ADDED from src\main\AndroidManifest.xml:212:13-113
	android:name
		ADDED from src\main\AndroidManifest.xml:211:13-63
activity#com.my51c.see51.ui.LocalDevListAcy
ADDED from src\main\AndroidManifest.xml:213:9-215:116
	android:configChanges
		ADDED from src\main\AndroidManifest.xml:215:13-113
	android:name
		ADDED from src\main\AndroidManifest.xml:214:13-62
activity#com.my51c.see51.ui.GeneralInfoAcy
ADDED from src\main\AndroidManifest.xml:216:9-218:116
	android:configChanges
		ADDED from src\main\AndroidManifest.xml:218:13-113
	android:name
		ADDED from src\main\AndroidManifest.xml:217:13-61
activity#com.my51c.see51.ui.WiredSettingAcy
ADDED from src\main\AndroidManifest.xml:219:9-221:116
	android:configChanges
		ADDED from src\main\AndroidManifest.xml:221:13-113
	android:name
		ADDED from src\main\AndroidManifest.xml:220:13-62
activity#com.my51c.see51.ui.WirelessSettingAcy
ADDED from src\main\AndroidManifest.xml:222:9-74
	android:name
		ADDED from src\main\AndroidManifest.xml:222:19-71
activity#com.my51c.see51.ui.Net3GSettingAcy
ADDED from src\main\AndroidManifest.xml:223:9-225:116
	android:configChanges
		ADDED from src\main\AndroidManifest.xml:225:13-113
	android:name
		ADDED from src\main\AndroidManifest.xml:224:13-62
activity#com.my51c.see51.ui.AVSettingAcy
ADDED from src\main\AndroidManifest.xml:226:9-228:116
	android:configChanges
		ADDED from src\main\AndroidManifest.xml:228:13-113
	android:name
		ADDED from src\main\AndroidManifest.xml:227:13-59
activity#com.my51c.see51.ui.AlarmCloudRecordAcy
ADDED from src\main\AndroidManifest.xml:229:9-231:116
	android:configChanges
		ADDED from src\main\AndroidManifest.xml:231:13-113
	android:name
		ADDED from src\main\AndroidManifest.xml:230:13-66
activity#com.my51c.see51.ui.PlayAcy
ADDED from src\main\AndroidManifest.xml:232:9-234:116
	android:configChanges
		ADDED from src\main\AndroidManifest.xml:234:13-113
	android:name
		ADDED from src\main\AndroidManifest.xml:233:13-54
service#com.baidu.location.f
ADDED from src\main\AndroidManifest.xml:236:9-239:41
	android:process
		ADDED from src\main\AndroidManifest.xml:239:13-38
	android:enabled
		ADDED from src\main\AndroidManifest.xml:238:13-35
	android:name
		ADDED from src\main\AndroidManifest.xml:237:13-48
meta-data#com.baidu.lbsapi.API_KEY
ADDED from src\main\AndroidManifest.xml:241:9-243:64
	android:value
		ADDED from src\main\AndroidManifest.xml:243:13-61
	android:name
		ADDED from src\main\AndroidManifest.xml:242:13-52
activity#com.my51c.see51.map.CameraLocation
ADDED from src\main\AndroidManifest.xml:245:9-247:116
	android:configChanges
		ADDED from src\main\AndroidManifest.xml:247:13-113
	android:name
		ADDED from src\main\AndroidManifest.xml:246:13-62
activity#com.my51c.see51.ui.SDRecordNVRActivity
ADDED from src\main\AndroidManifest.xml:248:9-250:116
	android:configChanges
		ADDED from src\main\AndroidManifest.xml:250:13-113
	android:name
		ADDED from src\main\AndroidManifest.xml:249:13-66
activity#com.my51c.see51.ui.PlanOfRecordActivity
ADDED from src\main\AndroidManifest.xml:253:9-255:116
	android:configChanges
		ADDED from src\main\AndroidManifest.xml:255:13-113
	android:name
		ADDED from src\main\AndroidManifest.xml:254:13-67
activity#com.my51c.see51.ui.NewPlanOfRecordActivity
ADDED from src\main\AndroidManifest.xml:256:9-258:116
	android:configChanges
		ADDED from src\main\AndroidManifest.xml:258:13-113
	android:name
		ADDED from src\main\AndroidManifest.xml:257:13-70
activity#com.my51c.see51.app.HomeActivity
ADDED from src\main\AndroidManifest.xml:264:9-69
	android:name
		ADDED from src\main\AndroidManifest.xml:264:19-66
activity#com.my51c.see51.app.NetSetActivity
ADDED from src\main\AndroidManifest.xml:265:9-268:67
	android:windowSoftInputMode
		ADDED from src\main\AndroidManifest.xml:268:13-64
	android:configChanges
		ADDED from src\main\AndroidManifest.xml:267:13-113
	android:name
		ADDED from src\main\AndroidManifest.xml:266:13-62
activity#com.my51c.see51.app.OneKeyStarActivity
ADDED from src\main\AndroidManifest.xml:269:9-272:67
	android:windowSoftInputMode
		ADDED from src\main\AndroidManifest.xml:272:13-64
	android:configChanges
		ADDED from src\main\AndroidManifest.xml:271:13-113
	android:name
		ADDED from src\main\AndroidManifest.xml:270:13-66
activity#com.my51c.see51.app.SplashActivity
ADDED from src\main\AndroidManifest.xml:273:9-283:20
	android:label
		ADDED from src\main\AndroidManifest.xml:276:13-45
	android:configChanges
		ADDED from src\main\AndroidManifest.xml:275:13-113
	android:theme
		ADDED from src\main\AndroidManifest.xml:277:13-38
	android:name
		ADDED from src\main\AndroidManifest.xml:274:13-62
intent-filter#action:name:android.intent.action.MAIN+category:name:android.intent.category.LAUNCHER
ADDED from src\main\AndroidManifest.xml:278:13-282:29
action#android.intent.action.MAIN
ADDED from src\main\AndroidManifest.xml:279:17-69
	android:name
		ADDED from src\main\AndroidManifest.xml:279:25-66
category#android.intent.category.LAUNCHER
ADDED from src\main\AndroidManifest.xml:281:17-77
	android:name
		ADDED from src\main\AndroidManifest.xml:281:27-74
activity#com.my51c.see51.app.WelcomeActivity
ADDED from src\main\AndroidManifest.xml:284:9-286:48
	android:label
		ADDED from src\main\AndroidManifest.xml:286:13-45
	android:name
		ADDED from src\main\AndroidManifest.xml:285:13-63
activity#com.my51c.see51.app.GaoJiAccountActivity
ADDED from src\main\AndroidManifest.xml:287:9-290:48
	android:label
		ADDED from src\main\AndroidManifest.xml:290:13-45
	android:configChanges
		ADDED from src\main\AndroidManifest.xml:289:13-113
	android:name
		ADDED from src\main\AndroidManifest.xml:288:13-68
activity#com.my51c.see51.app.ForgetPasswordActivity
ADDED from src\main\AndroidManifest.xml:291:9-294:48
	android:label
		ADDED from src\main\AndroidManifest.xml:294:13-45
	android:configChanges
		ADDED from src\main\AndroidManifest.xml:293:13-113
	android:name
		ADDED from src\main\AndroidManifest.xml:292:13-70
activity#com.my51c.see51.app.activity.PassActivity
ADDED from src\main\AndroidManifest.xml:295:9-297:116
	android:configChanges
		ADDED from src\main\AndroidManifest.xml:297:13-113
	android:name
		ADDED from src\main\AndroidManifest.xml:296:13-69
activity#com.my51c.see51.app.activity.AcContactsDetails
ADDED from src\main\AndroidManifest.xml:298:9-300:116
	android:configChanges
		ADDED from src\main\AndroidManifest.xml:300:13-113
	android:name
		ADDED from src\main\AndroidManifest.xml:299:13-74
activity#com.my51c.see51.app.CallPersonActivity
ADDED from src\main\AndroidManifest.xml:301:9-303:116
	android:configChanges
		ADDED from src\main\AndroidManifest.xml:303:13-113
	android:name
		ADDED from src\main\AndroidManifest.xml:302:13-66
activity#com.my51c.see51.app.LocationActivity
ADDED from src\main\AndroidManifest.xml:304:9-306:116
	android:configChanges
		ADDED from src\main\AndroidManifest.xml:306:13-113
	android:name
		ADDED from src\main\AndroidManifest.xml:305:13-64
activity#com.my51c.see51.app.DeviceStatusActivity
ADDED from src\main\AndroidManifest.xml:307:9-310:47
	android:launchMode
		ADDED from src\main\AndroidManifest.xml:310:13-44
	android:configChanges
		ADDED from src\main\AndroidManifest.xml:309:13-113
	android:name
		ADDED from src\main\AndroidManifest.xml:308:13-68
activity#com.my51c.see51.app.routbw.FirewallInfoActivity
ADDED from src\main\AndroidManifest.xml:311:9-313:116
	android:configChanges
		ADDED from src\main\AndroidManifest.xml:313:13-113
	android:name
		ADDED from src\main\AndroidManifest.xml:312:13-75
activity#com.my51c.see51.app.routbw.SystemInfoActivity
ADDED from src\main\AndroidManifest.xml:314:9-316:116
	android:configChanges
		ADDED from src\main\AndroidManifest.xml:316:13-113
	android:name
		ADDED from src\main\AndroidManifest.xml:315:13-73